{"numFailedTestSuites":0,"numFailedTests":0,"numPassedTestSuites":2,"numPassedTests":7,"numPendingTestSuites":0,"numPendingTests":0,"numRuntimeErrorTestSuites":0,"numTodoTests":0,"numTotalTestSuites":2,"numTotalTests":7,"openHandles":[],"snapshot":{"added":0,"didUpdate":false,"failure":false,"filesAdded":0,"filesRemoved":0,"filesRemovedList":[],"filesUnmatched":0,"filesUpdated":0,"matched":0,"total":0,"unchecked":0,"uncheckedKeysByFile":[],"unmatched":0,"updated":0},"startTime":1628707551015,"success":true,"testResults":[{"assertionResults":[{"ancestorTitles":["Titles"],"failureMessages":[],"fullName":"Titles 20 titles are rendered","location":null,"status":"passed","title":"20 titles are rendered"},{"ancestorTitles":["Titles"],"failureMessages":[],"fullName":"Titles first title content is correct","location":null,"status":"passed","title":"first title content is correct"},{"ancestorTitles":["Titles"],"failureMessages":[],"fullName":"Titles last title content is correct","location":null,"status":"passed","title":"last title content is correct"}],"endTime":1628707554666,"message":"","name":"/Users/gabrielg/projects/fed-entry-level-exam/tester/e2e.test.ts","startTime":1628707551446,"status":"passed","summary":""},{"assertionResults":[{"ancestorTitles":["Ticket priorities"],"failureMessages":[],"fullName":"Ticket priorities the right priorities are rendered","location":null,"status":"passed","title":"the right priorities are rendered"},{"ancestorTitles":["Ticket priorities"],"failureMessages":[],"fullName":"Ticket priorities clicking on the priority will toggle the visible priority","location":null,"status":"passed","title":"clicking on the priority will toggle the visible priority"},{"ancestorTitles":["Ticket priorities"],"failureMessages":[],"fullName":"Ticket priorities clicking on the priority will toggle the visible priority - returns to same priority after double toggle","location":null,"status":"passed","title":"clicking on the priority will toggle the visible priority - returns to same priority after double toggle"},{"ancestorTitles":["Ticket priorities"],"failureMessages":[],"fullName":"Ticket priorities change of priority is persisted to the db","location":null,"status":"passed","title":"change of priority is persisted to the db"}],"endTime":1628707560795,"message":"","name":"/Users/gabrielg/projects/fed-entry-level-exam/tester/ticket-priority.test.ts","startTime":1628707554708,"status":"passed","summary":""}],"wasInterrupted":false}